#
# There is insufficient memory for the Java Runtime Environment to continue.
# Native memory allocation (malloc) failed to allocate 32744 bytes for ChunkPool::allocate
# Possible reasons:
#   The system is out of physical RAM or swap space
#   The process is running with CompressedOops enabled, and the Java Heap may be blocking the growth of the native heap
# Possible solutions:
#   Reduce memory load on the system
#   Increase physical memory or swap space
#   Check if swap backing store is full
#   Decrease Java heap size (-Xmx/-Xms)
#   Decrease number of Java threads
#   Decrease Java thread stack sizes (-Xss)
#   Set larger code cache with -XX:ReservedCodeCacheSize=
#   JVM is running with Unscaled Compressed Oops mode in which the Java heap is
#     placed in the first 4GB address space. The Java Heap base address is the
#     maximum limit for the native heap growth. Please use -XX:HeapBaseMinAddress
#     to set the Java Heap base and to place the Java Heap above 4GB virtual address.
# This output file may be truncated or incomplete.
#
#  Out of Memory Error (c:/BuildAgent/work/dd4f663211fab7c/src/hotspot/share/memory/arena.cpp:81), pid=7952, tid=596
#
# JRE version: OpenJDK Runtime Environment (11.0.2+9) (build 11.0.2+9-b159.34)
# Java VM: OpenJDK 64-Bit Server VM (11.0.2+9-b159.34, mixed mode, tiered, compressed oops, g1 gc, windows-amd64)
# No core dump will be written. Minidumps are not enabled by default on client versions of Windows
#

---------------  S U M M A R Y ------------

Command Line: org.jetbrains.git4idea.http.GitAskPassApp Username for 'https://github.com': 

Host: Intel(R) Core(TM) i3-4005U CPU @ 1.70GHz, 4 cores, 3G,  Windows 7 , 64 bit Build 7601 (6.1.7601.24408)
Time: Tue Apr 16 22:55:09 2019 GMT Daylight Time elapsed time: 0 seconds (0d 0h 0m 0s)

---------------  T H R E A D  ---------------

Current thread (0x0000000000133800):  JavaThread "main" [_thread_in_vm, id=596, stack(0x00000000025c0000,0x00000000026c0000)]

Stack: [0x00000000025c0000,0x00000000026c0000]
Native frames: (J=compiled Java code, j=interpreted, Vv=VM code, C=native code)
V  [jvm.dll+0x5da82a]
V  [jvm.dll+0x70b6c9]
V  [jvm.dll+0x70cbe8]
V  [jvm.dll+0x70d2b3]
V  [jvm.dll+0x240f18]
V  [jvm.dll+0xb95db]
V  [jvm.dll+0xb988c]
V  [jvm.dll+0x635bc7]
V  [jvm.dll+0x636f5b]
V  [jvm.dll+0x35dbb3]
V  [jvm.dll+0x35adf2]
V  [jvm.dll+0x35a0f4]
V  [jvm.dll+0x35a098]
V  [jvm.dll+0x6d49eb]
V  [jvm.dll+0x6d2996]
V  [jvm.dll+0x3bd953]
V  [jvm.dll+0x3bfcc1]
C  [java.exe+0x3763]
C  [java.exe+0x17a0c]
C  [kernel32.dll+0x1555d]
C  [ntdll.dll+0x5385d]


---------------  P R O C E S S  ---------------

Threads class SMR info:
_java_thread_list=0x000000005b10f570, length=8, elements={
0x0000000000133800, 0x000000005b0ec800, 0x000000005b0ee000, 0x000000005b112000,
0x000000005b113000, 0x000000005b116800, 0x000000005b11b800, 0x000000005b11d000
}

Java Threads: ( => current thread )
=>0x0000000000133800 JavaThread "main" [_thread_in_vm, id=596, stack(0x00000000025c0000,0x00000000026c0000)]
  0x000000005b0ec800 JavaThread "Reference Handler" daemon [_thread_blocked, id=6924, stack(0x000000005b3e0000,0x000000005b4e0000)]
  0x000000005b0ee000 JavaThread "Finalizer" daemon [_thread_blocked, id=4032, stack(0x000000005b5e0000,0x000000005b6e0000)]
  0x000000005b112000 JavaThread "Signal Dispatcher" daemon [_thread_blocked, id=4660, stack(0x000000001a380000,0x000000001a480000)]
  0x000000005b113000 JavaThread "Attach Listener" daemon [_thread_blocked, id=2008, stack(0x000000005b7d0000,0x000000005b8d0000)]
  0x000000005b116800 JavaThread "C2 CompilerThread0" daemon [_thread_in_vm, id=9460, stack(0x000000005b910000,0x000000005ba10000)]
  0x000000005b11b800 JavaThread "C1 CompilerThread0" daemon [_thread_blocked, id=8080, stack(0x000000001a5d0000,0x000000001a6d0000)]
  0x000000005b11d000 JavaThread "Sweeper thread" daemon [_thread_blocked, id=6820, stack(0x000000005bb80000,0x000000005bc80000)]

Other Threads:
  0x000000005b096000 VMThread "VM Thread" [stack: 0x000000005b230000,0x000000005b330000] [id=936]
  0x0000000000148000 GCTaskThread "GC Thread#0" [stack: 0x0000000002ae0000,0x0000000002be0000] [id=2888]
  0x000000000016c800 ConcurrentGCThread "G1 Main Marker" [stack: 0x0000000017b60000,0x0000000017c60000] [id=4704]
  0x000000000016e000 ConcurrentGCThread "G1 Conc#0" [stack: 0x0000000017e50000,0x0000000017f50000] [id=5536]
  0x000000001a294800 ConcurrentGCThread "G1 Refine#0" [stack: 0x000000001a4d0000,0x000000001a5d0000] [id=4144]
  0x000000001a295000 ConcurrentGCThread "G1 Young RemSet Sampling" [stack: 0x000000001a6f0000,0x000000001a7f0000] [id=8724]

Threads with active compile tasks:

VM state:not at safepoint (normal execution)

VM Mutex/Monitor currently owned by a thread: None

Heap address: 0x00000000c1600000, size: 1002 MB, Compressed Oops mode: 32-bit
Narrow klass base: 0x0000000000000000, Narrow klass shift: 0
Compressed class space size: 1073741824 Address: 0x000000001a7f0000

Heap:
 garbage-first heap   total 65536K, used 0K [0x00000000c1600000, 0x0000000100000000)
  region size 1024K, 1 young (1024K), 0 survivors (0K)
 Metaspace       used 1946K, capacity 4480K, committed 4480K, reserved 1056768K
  class space    used 186K, capacity 384K, committed 384K, reserved 1048576K
Heap Regions: E=young(eden), S=young(survivor), O=old, HS=humongous(starts), HC=humongous(continues), CS=collection set, F=free, A=archive, TAMS=top-at-mark-start (previous, next)
|   0|0x00000000c1600000, 0x00000000c1600000, 0x00000000c1700000|  0%| F|  |TAMS 0x00000000c1600000, 0x00000000c1600000| Untracked 
|   1|0x00000000c1700000, 0x00000000c1700000, 0x00000000c1800000|  0%| F|  |TAMS 0x00000000c1700000, 0x00000000c1700000| Untracked 
|   2|0x00000000c1800000, 0x00000000c1800000, 0x00000000c1900000|  0%| F|  |TAMS 0x00000000c1800000, 0x00000000c1800000| Untracked 
|   3|0x00000000c1900000, 0x00000000c1900000, 0x00000000c1a00000|  0%| F|  |TAMS 0x00000000c1900000, 0x00000000c1900000| Untracked 
|   4|0x00000000c1a00000, 0x00000000c1a00000, 0x00000000c1b00000|  0%| F|  |TAMS 0x00000000c1a00000, 0x00000000c1a00000| Untracked 
|   5|0x00000000c1b00000, 0x00000000c1b00000, 0x00000000c1c00000|  0%| F|  |TAMS 0x00000000c1b00000, 0x00000000c1b00000| Untracked 
|   6|0x00000000c1c00000, 0x00000000c1c00000, 0x00000000c1d00000|  0%| F|  |TAMS 0x00000000c1c00000, 0x00000000c1c00000| Untracked 
|   7|0x00000000c1d00000, 0x00000000c1d00000, 0x00000000c1e00000|  0%| F|  |TAMS 0x00000000c1d00000, 0x00000000c1d00000| Untracked 
|   8|0x00000000c1e00000, 0x00000000c1e00000, 0x00000000c1f00000|  0%| F|  |TAMS 0x00000000c1e00000, 0x00000000c1e00000| Untracked 
|   9|0x00000000c1f00000, 0x00000000c1f00000, 0x00000000c2000000|  0%| F|  |TAMS 0x00000000c1f00000, 0x00000000c1f00000| Untracked 
|  10|0x00000000c2000000, 0x00000000c2000000, 0x00000000c2100000|  0%| F|  |TAMS 0x00000000c2000000, 0x00000000c2000000| Untracked 
|  11|0x00000000c2100000, 0x00000000c2100000, 0x00000000c2200000|  0%| F|  |TAMS 0x00000000c2100000, 0x00000000c2100000| Untracked 
|  12|0x00000000c2200000, 0x00000000c2200000, 0x00000000c2300000|  0%| F|  |TAMS 0x00000000c2200000, 0x00000000c2200000| Untracked 
|  13|0x00000000c2300000, 0x00000000c2300000, 0x00000000c2400000|  0%| F|  |TAMS 0x00000000c2300000, 0x00000000c2300000| Untracked 
|  14|0x00000000c2400000, 0x00000000c2400000, 0x00000000c2500000|  0%| F|  |TAMS 0x00000000c2400000, 0x00000000c2400000| Untracked 
|  15|0x00000000c2500000, 0x00000000c2500000, 0x00000000c2600000|  0%| F|  |TAMS 0x00000000c2500000, 0x00000000c2500000| Untracked 
|  16|0x00000000c2600000, 0x00000000c2600000, 0x00000000c2700000|  0%| F|  |TAMS 0x00000000c2600000, 0x00000000c2600000| Untracked 
|  17|0x00000000c2700000, 0x00000000c2700000, 0x00000000c2800000|  0%| F|  |TAMS 0x00000000c2700000, 0x00000000c2700000| Untracked 
|  18|0x00000000c2800000, 0x00000000c2800000, 0x00000000c2900000|  0%| F|  |TAMS 0x00000000c2800000, 0x00000000c2800000| Untracked 
|  19|0x00000000c2900000, 0x00000000c2900000, 0x00000000c2a00000|  0%| F|  |TAMS 0x00000000c2900000, 0x00000000c2900000| Untracked 
|  20|0x00000000c2a00000, 0x00000000c2a00000, 0x00000000c2b00000|  0%| F|  |TAMS 0x00000000c2a00000, 0x00000000c2a00000| Untracked 
|  21|0x00000000c2b00000, 0x00000000c2b00000, 0x00000000c2c00000|  0%| F|  |TAMS 0x00000000c2b00000, 0x00000000c2b00000| Untracked 
|  22|0x00000000c2c00000, 0x00000000c2c00000, 0x00000000c2d00000|  0%| F|  |TAMS 0x00000000c2c00000, 0x00000000c2c00000| Untracked 
|  23|0x00000000c2d00000, 0x00000000c2d00000, 0x00000000c2e00000|  0%| F|  |TAMS 0x00000000c2d00000, 0x00000000c2d00000| Untracked 
|  24|0x00000000c2e00000, 0x00000000c2e00000, 0x00000000c2f00000|  0%| F|  |TAMS 0x00000000c2e00000, 0x00000000c2e00000| Untracked 
|  25|0x00000000c2f00000, 0x00000000c2f00000, 0x00000000c3000000|  0%| F|  |TAMS 0x00000000c2f00000, 0x00000000c2f00000| Untracked 
|  26|0x00000000c3000000, 0x00000000c3000000, 0x00000000c3100000|  0%| F|  |TAMS 0x00000000c3000000, 0x00000000c3000000| Untracked 
|  27|0x00000000c3100000, 0x00000000c3100000, 0x00000000c3200000|  0%| F|  |TAMS 0x00000000c3100000, 0x00000000c3100000| Untracked 
|  28|0x00000000c3200000, 0x00000000c3200000, 0x00000000c3300000|  0%| F|  |TAMS 0x00000000c3200000, 0x00000000c3200000| Untracked 
|  29|0x00000000c3300000, 0x00000000c3300000, 0x00000000c3400000|  0%| F|  |TAMS 0x00000000c3300000, 0x00000000c3300000| Untracked 
|  30|0x00000000c3400000, 0x00000000c3400000, 0x00000000c3500000|  0%| F|  |TAMS 0x00000000c3400000, 0x00000000c3400000| Untracked 
|  31|0x00000000c3500000, 0x00000000c3500000, 0x00000000c3600000|  0%| F|  |TAMS 0x00000000c3500000, 0x00000000c3500000| Untracked 
|  32|0x00000000c3600000, 0x00000000c3600000, 0x00000000c3700000|  0%| F|  |TAMS 0x00000000c3600000, 0x00000000c3600000| Untracked 
|  33|0x00000000c3700000, 0x00000000c3700000, 0x00000000c3800000|  0%| F|  |TAMS 0x00000000c3700000, 0x00000000c3700000| Untracked 
|  34|0x00000000c3800000, 0x00000000c3800000, 0x00000000c3900000|  0%| F|  |TAMS 0x00000000c3800000, 0x00000000c3800000| Untracked 
|  35|0x00000000c3900000, 0x00000000c3900000, 0x00000000c3a00000|  0%| F|  |TAMS 0x00000000c3900000, 0x00000000c3900000| Untracked 
|  36|0x00000000c3a00000, 0x00000000c3a00000, 0x00000000c3b00000|  0%| F|  |TAMS 0x00000000c3a00000, 0x00000000c3a00000| Untracked 
|  37|0x00000000c3b00000, 0x00000000c3b00000, 0x00000000c3c00000|  0%| F|  |TAMS 0x00000000c3b00000, 0x00000000c3b00000| Untracked 
|  38|0x00000000c3c00000, 0x00000000c3c00000, 0x00000000c3d00000|  0%| F|  |TAMS 0x00000000c3c00000, 0x00000000c3c00000| Untracked 
|  39|0x00000000c3d00000, 0x00000000c3d00000, 0x00000000c3e00000|  0%| F|  |TAMS 0x00000000c3d00000, 0x00000000c3d00000| Untracked 
|  40|0x00000000c3e00000, 0x00000000c3e00000, 0x00000000c3f00000|  0%| F|  |TAMS 0x00000000c3e00000, 0x00000000c3e00000| Untracked 
|  41|0x00000000c3f00000, 0x00000000c3f00000, 0x00000000c4000000|  0%| F|  |TAMS 0x00000000c3f00000, 0x00000000c3f00000| Untracked 
|  42|0x00000000c4000000, 0x00000000c4000000, 0x00000000c4100000|  0%| F|  |TAMS 0x00000000c4000000, 0x00000000c4000000| Untracked 
|  43|0x00000000c4100000, 0x00000000c4100000, 0x00000000c4200000|  0%| F|  |TAMS 0x00000000c4100000, 0x00000000c4100000| Untracked 
|  44|0x00000000c4200000, 0x00000000c4200000, 0x00000000c4300000|  0%| F|  |TAMS 0x00000000c4200000, 0x00000000c4200000| Untracked 
|  45|0x00000000c4300000, 0x00000000c4300000, 0x00000000c4400000|  0%| F|  |TAMS 0x00000000c4300000, 0x00000000c4300000| Untracked 
|  46|0x00000000c4400000, 0x00000000c4400000, 0x00000000c4500000|  0%| F|  |TAMS 0x00000000c4400000, 0x00000000c4400000| Untracked 
|  47|0x00000000c4500000, 0x00000000c4500000, 0x00000000c4600000|  0%| F|  |TAMS 0x00000000c4500000, 0x00000000c4500000| Untracked 
|  48|0x00000000c4600000, 0x00000000c4600000, 0x00000000c4700000|  0%| F|  |TAMS 0x00000000c4600000, 0x00000000c4600000| Untracked 
|  49|0x00000000c4700000, 0x00000000c4700000, 0x00000000c4800000|  0%| F|  |TAMS 0x00000000c4700000, 0x00000000c4700000| Untracked 
|  50|0x00000000c4800000, 0x00000000c4800000, 0x00000000c4900000|  0%| F|  |TAMS 0x00000000c4800000, 0x00000000c4800000| Untracked 
|  51|0x00000000c4900000, 0x00000000c4900000, 0x00000000c4a00000|  0%| F|  |TAMS 0x00000000c4900000, 0x00000000c4900000| Untracked 
|  52|0x00000000c4a00000, 0x00000000c4a00000, 0x00000000c4b00000|  0%| F|  |TAMS 0x00000000c4a00000, 0x00000000c4a00000| Untracked 
|  53|0x00000000c4b00000, 0x00000000c4b00000, 0x00000000c4c00000|  0%| F|  |TAMS 0x00000000c4b00000, 0x00000000c4b00000| Untracked 
|  54|0x00000000c4c00000, 0x00000000c4c00000, 0x00000000c4d00000|  0%| F|  |TAMS 0x00000000c4c00000, 0x00000000c4c00000| Untracked 
|  55|0x00000000c4d00000, 0x00000000c4d00000, 0x00000000c4e00000|  0%| F|  |TAMS 0x00000000c4d00000, 0x00000000c4d00000| Untracked 
|  56|0x00000000c4e00000, 0x00000000c4e00000, 0x00000000c4f00000|  0%| F|  |TAMS 0x00000000c4e00000, 0x00000000c4e00000| Untracked 
|  57|0x00000000c4f00000, 0x00000000c4f00000, 0x00000000c5000000|  0%| F|  |TAMS 0x00000000c4f00000, 0x00000000c4f00000| Untracked 
|  58|0x00000000c5000000, 0x00000000c5000000, 0x00000000c5100000|  0%| F|  |TAMS 0x00000000c5000000, 0x00000000c5000000| Untracked 
|  59|0x00000000c5100000, 0x00000000c5100000, 0x00000000c5200000|  0%| F|  |TAMS 0x00000000c5100000, 0x00000000c5100000| Untracked 
|  60|0x00000000c5200000, 0x00000000c5200000, 0x00000000c5300000|  0%| F|  |TAMS 0x00000000c5200000, 0x00000000c5200000| Untracked 
|  61|0x00000000c5300000, 0x00000000c5300000, 0x00000000c5400000|  0%| F|  |TAMS 0x00000000c5300000, 0x00000000c5300000| Untracked 
|  62|0x00000000c5400000, 0x00000000c5400000, 0x00000000c5500000|  0%| F|  |TAMS 0x00000000c5400000, 0x00000000c5400000| Untracked 
|  63|0x00000000c5500000, 0x00000000c558f690, 0x00000000c5600000| 56%| E|  |TAMS 0x00000000c5500000, 0x00000000c5500000| Complete 

Card table byte_map: [0x00000000157c0000,0x00000000159c0000] _byte_map_base: 0x00000000151b5000

Marking Bits (Prev, Next): (CMBitMap*) 0x00000000001680d8, (CMBitMap*) 0x0000000000168110
 Prev Bits: [0x0000000015bc0000, 0x0000000016b68000)
 Next Bits: [0x0000000016b70000, 0x0000000017b18000)

Polling page: 0x0000000000460000

Metaspace:

Usage:
  Non-class:      4.00 MB capacity,     1.72 MB ( 43%) used,     2.28 MB ( 57%) free+waste,    64 bytes ( <1%) overhead. 
      Class:    384.00 KB capacity,   186.12 KB ( 48%) used,   197.82 KB ( 52%) free+waste,    64 bytes ( <1%) overhead. 
       Both:      4.38 MB capacity,     1.90 MB ( 43%) used,     2.47 MB ( 57%) free+waste,   128 bytes ( <1%) overhead. 

Virtual space:
  Non-class space:        8.00 MB reserved,       4.00 MB ( 50%) committed 
      Class space:        1.00 GB reserved,     384.00 KB ( <1%) committed 
             Both:        1.01 GB reserved,       4.38 MB ( <1%) committed 

Chunk freelists:
   Non-Class:  0 bytes
       Class:  0 bytes
        Both:  0 bytes

CodeHeap 'non-profiled nmethods': size=120064Kb used=0Kb max_used=0Kb free=120064Kb
 bounds [0x000000000dc40000, 0x000000000deb0000, 0x0000000015180000]
CodeHeap 'profiled nmethods': size=120000Kb used=0Kb max_used=0Kb free=120000Kb
 bounds [0x0000000006710000, 0x0000000006980000, 0x000000000dc40000]
CodeHeap 'non-nmethods': size=5696Kb used=965Kb max_used=965Kb free=4730Kb
 bounds [0x0000000006180000, 0x00000000063f0000, 0x0000000006710000]
 total_blobs=215 nmethods=0 adapters=125
 compilation: enabled
              stopped_count=0, restarted_count=0
 full_count=0

Compilation events (0 events):
No events

GC Heap History (0 events):
No events

Deoptimization events (0 events):
No events

Classes redefined (0 events):
No events

Internal exceptions (0 events):
No events

Events (10 events):
Event: 0.130 loading class jdk/internal/misc/JavaLangAccess
Event: 0.130 loading class jdk/internal/misc/JavaLangAccess done
Event: 0.130 loading class java/lang/System$2 done
Event: 0.130 loading class java/lang/IllegalArgumentException
Event: 0.130 loading class java/lang/IllegalArgumentException done
Event: 0.131 Thread 0x000000005b112000 Thread added: 0x000000005b112000
Event: 0.131 Thread 0x000000005b113000 Thread added: 0x000000005b113000
Event: 0.131 Thread 0x000000005b116800 Thread added: 0x000000005b116800
Event: 0.132 Thread 0x000000005b11b800 Thread added: 0x000000005b11b800
Event: 0.132 Thread 0x000000005b11d000 Thread added: 0x000000005b11d000


Dynamic libraries:
0x000000013f960000 - 0x000000013f9a7000 	C:\Users\Student\AppData\Local\JetBrains\PyCharm 2019.1\jre64\bin\java.exe
0x0000000077100000 - 0x000000007729f000 	C:\Windows\SYSTEM32\ntdll.dll
0x0000000076ee0000 - 0x0000000076fff000 	C:\Windows\system32\kernel32.dll
0x000007fefccd0000 - 0x000007fefcd3a000 	C:\Windows\system32\KERNELBASE.dll
0x0000000077000000 - 0x00000000770fa000 	C:\Windows\system32\USER32.dll
0x000007fefd230000 - 0x000007fefd297000 	C:\Windows\system32\GDI32.dll
0x000007feff150000 - 0x000007feff15e000 	C:\Windows\system32\LPK.dll
0x000007feff080000 - 0x000007feff14b000 	C:\Windows\system32\USP10.dll
0x000007fefefe0000 - 0x000007feff07f000 	C:\Windows\system32\msvcrt.dll
0x000007fefad40000 - 0x000007fefaf35000 	C:\Windows\WinSxS\amd64_microsoft.windows.common-controls_6595b64144ccf1df_6.0.7601.24380_none_e3731d0b30fb6b11\COMCTL32.dll
0x000007fefd2a0000 - 0x000007fefd311000 	C:\Windows\system32\SHLWAPI.dll
0x000007feff3c0000 - 0x000007feff3ee000 	C:\Windows\system32\IMM32.DLL
0x000007fefe0a0000 - 0x000007fefe1a9000 	C:\Windows\system32\MSCTF.dll
0x000007fee8e70000 - 0x000007fee8f1f000 	C:\Program Files\McAfee\Endpoint Security\Threat Prevention\Ips\EpMPApi.dll
0x000007fefd5f0000 - 0x000007fefd71c000 	C:\Windows\system32\RPCRT4.dll
0x000007fefde80000 - 0x000007fefdf5b000 	C:\Windows\system32\ADVAPI32.dll
0x000007fefd780000 - 0x000007fefd79f000 	C:\Windows\SYSTEM32\sechost.dll
0x000007fefcfc0000 - 0x000007fefcffb000 	C:\Windows\system32\WINTRUST.dll
0x000007fefcd40000 - 0x000007fefcead000 	C:\Windows\system32\CRYPT32.dll
0x000007fefcc60000 - 0x000007fefcc6f000 	C:\Windows\system32\MSASN1.dll
0x0000000064a00000 - 0x0000000064a0c000 	C:\Program Files\McAfee\Endpoint Security\Threat Prevention\Ips\EpMPThe.dll
0x000007fee8e50000 - 0x000007fee8e6b000 	C:\Program Files\McAfee\Endpoint Security\Threat Prevention\Ips\HIPHandlers64.dll
0x000007fef4220000 - 0x000007fef4223000 	C:\Windows\system32\api-ms-win-core-synch-l1-2-0.DLL
0x000007fef8240000 - 0x000007fef8257000 	C:\Users\Student\AppData\Local\JetBrains\PyCharm 2019.1\jre64\bin\vcruntime140.dll
0x000007fefad00000 - 0x000007fefad04000 	C:\Users\Student\AppData\Local\JetBrains\PyCharm 2019.1\jre64\bin\api-ms-win-crt-runtime-l1-1-0.dll
0x000007fee4540000 - 0x000007fee463a000 	C:\Users\Student\AppData\Local\JetBrains\PyCharm 2019.1\jre64\bin\ucrtbase.DLL
0x000007feec3e0000 - 0x000007feec3e3000 	C:\Users\Student\AppData\Local\JetBrains\PyCharm 2019.1\jre64\bin\api-ms-win-core-localization-l1-2-0.dll
0x000007feebcc0000 - 0x000007feebcc3000 	C:\Users\Student\AppData\Local\JetBrains\PyCharm 2019.1\jre64\bin\api-ms-win-core-processthreads-l1-1-1.dll
0x000007feebb70000 - 0x000007feebb73000 	C:\Users\Student\AppData\Local\JetBrains\PyCharm 2019.1\jre64\bin\api-ms-win-core-file-l1-2-0.dll
0x000007feea9a0000 - 0x000007feea9a3000 	C:\Users\Student\AppData\Local\JetBrains\PyCharm 2019.1\jre64\bin\api-ms-win-core-timezone-l1-1-0.dll
0x000007fee6140000 - 0x000007fee6143000 	C:\Users\Student\AppData\Local\JetBrains\PyCharm 2019.1\jre64\bin\api-ms-win-core-file-l2-1-0.dll
0x000007fefb7a0000 - 0x000007fefb7a4000 	C:\Users\Student\AppData\Local\JetBrains\PyCharm 2019.1\jre64\bin\api-ms-win-crt-string-l1-1-0.dll
0x000007fef8270000 - 0x000007fef8273000 	C:\Users\Student\AppData\Local\JetBrains\PyCharm 2019.1\jre64\bin\api-ms-win-crt-heap-l1-1-0.dll
0x000007fef8260000 - 0x000007fef8264000 	C:\Users\Student\AppData\Local\JetBrains\PyCharm 2019.1\jre64\bin\api-ms-win-crt-stdio-l1-1-0.dll
0x000007fef8220000 - 0x000007fef8224000 	C:\Users\Student\AppData\Local\JetBrains\PyCharm 2019.1\jre64\bin\api-ms-win-crt-convert-l1-1-0.dll
0x000007fee7fb0000 - 0x000007fee804d000 	C:\Users\Student\AppData\Local\JetBrains\PyCharm 2019.1\jre64\bin\msvcp140.dll
0x000007fef8140000 - 0x000007fef8143000 	C:\Users\Student\AppData\Local\JetBrains\PyCharm 2019.1\jre64\bin\api-ms-win-crt-locale-l1-1-0.dll
0x000007fef8210000 - 0x000007fef8215000 	C:\Users\Student\AppData\Local\JetBrains\PyCharm 2019.1\jre64\bin\api-ms-win-crt-math-l1-1-0.dll
0x000007feed230000 - 0x000007feed235000 	C:\Users\Student\AppData\Local\JetBrains\PyCharm 2019.1\jre64\bin\api-ms-win-crt-multibyte-l1-1-0.dll
0x000007fef81f0000 - 0x000007fef81f3000 	C:\Users\Student\AppData\Local\JetBrains\PyCharm 2019.1\jre64\bin\api-ms-win-crt-time-l1-1-0.dll
0x000007fef81e0000 - 0x000007fef81e3000 	C:\Users\Student\AppData\Local\JetBrains\PyCharm 2019.1\jre64\bin\api-ms-win-crt-filesystem-l1-1-0.dll
0x000007fef8230000 - 0x000007fef8233000 	C:\Users\Student\AppData\Local\JetBrains\PyCharm 2019.1\jre64\bin\api-ms-win-crt-environment-l1-1-0.dll
0x000007fef8200000 - 0x000007fef8203000 	C:\Users\Student\AppData\Local\JetBrains\PyCharm 2019.1\jre64\bin\api-ms-win-crt-utility-l1-1-0.dll
0x000007fed43d0000 - 0x000007fed4e86000 	C:\Users\Student\AppData\Local\JetBrains\PyCharm 2019.1\jre64\bin\server\jvm.dll
0x000007fef7180000 - 0x000007fef7189000 	C:\Windows\system32\WSOCK32.dll
0x000007fefd730000 - 0x000007fefd77d000 	C:\Windows\system32\WS2_32.dll
0x000007fefd720000 - 0x000007fefd728000 	C:\Windows\system32\NSI.dll
0x000007fefa6b0000 - 0x000007fefa6eb000 	C:\Windows\system32\WINMM.dll
0x000007fefbd30000 - 0x000007fefbd3c000 	C:\Windows\system32\VERSION.dll
0x00000000772b0000 - 0x00000000772b7000 	C:\Windows\system32\PSAPI.DLL
0x000007fef8180000 - 0x000007fef8191000 	C:\Users\Student\AppData\Local\JetBrains\PyCharm 2019.1\jre64\bin\verify.dll
0x000007fef6280000 - 0x000007fef63a5000 	C:\Windows\system32\DBGHELP.DLL
0x000007fef8150000 - 0x000007fef8179000 	C:\Users\Student\AppData\Local\JetBrains\PyCharm 2019.1\jre64\bin\java.dll
0x000007fef81a0000 - 0x000007fef81b7000 	C:\Users\Student\AppData\Local\JetBrains\PyCharm 2019.1\jre64\bin\zip.dll
0x000007fef8130000 - 0x000007fef813b000 	C:\Users\Student\AppData\Local\JetBrains\PyCharm 2019.1\jre64\bin\jimage.dll
0x000007fefe250000 - 0x000007fefefdb000 	C:\Windows\system32\SHELL32.dll
0x000007fefd030000 - 0x000007fefd22f000 	C:\Windows\system32\ole32.dll
0x000007fefcc50000 - 0x000007fefcc5f000 	C:\Windows\system32\profapi.dll

dbghelp: loaded successfully - version: 4.0.5 - missing functions: none
symbol engine: initialized successfully - sym options: 0x614 - pdb path: .;C:\Users\Student\AppData\Local\JetBrains\PyCharm 2019.1\jre64\bin;C:\Windows\SYSTEM32;C:\Windows\WinSxS\amd64_microsoft.windows.common-controls_6595b64144ccf1df_6.0.7601.24380_none_e3731d0b30fb6b11;C:\Program Files\McAfee\Endpoint Security\Threat Prevention\Ips;C:\Users\Student\AppData\Local\JetBrains\PyCharm 2019.1\jre64\bin\server

VM Arguments:
java_command: org.jetbrains.git4idea.http.GitAskPassApp Username for 'https://github.com': 
java_class_path (initial): C:/Users/Student/AppData/Local/JetBrains/PyCharm 2019.1/plugins/git4idea/lib/git4idea-rt.jar;C:/Users/Student/AppData/Local/JetBrains/PyCharm 2019.1/lib/xmlrpc-2.0.1.jar;C:/Users/Student/AppData/Local/JetBrains/PyCharm 2019.1/lib/commons-codec-1.10.jar;C:/Users/Student/AppData/Local/JetBrains/PyCharm 2019.1/lib/util.jar
Launcher Type: SUN_STANDARD

[Global flags]
     intx CICompilerCount                          = 3                                         {product} {ergonomic}
     uint ConcGCThreads                            = 1                                         {product} {ergonomic}
     uint G1ConcRefinementThreads                  = 4                                         {product} {ergonomic}
   size_t G1HeapRegionSize                         = 1048576                                   {product} {ergonomic}
    uintx GCDrainStackTargetSize                   = 64                                        {product} {ergonomic}
   size_t InitialHeapSize                          = 67108864                                  {product} {ergonomic}
   size_t MarkStackSize                            = 4194304                                   {product} {ergonomic}
   size_t MaxHeapSize                              = 1050673152                                {product} {ergonomic}
   size_t MaxNewSize                               = 630194176                                 {product} {ergonomic}
   size_t MinHeapDeltaBytes                        = 1048576                                   {product} {ergonomic}
    uintx NonNMethodCodeHeapSize                   = 5830092                                {pd product} {ergonomic}
    uintx NonProfiledCodeHeapSize                  = 122914074                              {pd product} {ergonomic}
    uintx ProfiledCodeHeapSize                     = 122914074                              {pd product} {ergonomic}
    uintx ReservedCodeCacheSize                    = 251658240                              {pd product} {ergonomic}
     bool SegmentedCodeCache                       = true                                      {product} {ergonomic}
     bool UseCompressedClassPointers               = true                                 {lp64_product} {ergonomic}
     bool UseCompressedOops                        = true                                 {lp64_product} {ergonomic}
     bool UseG1GC                                  = true                                      {product} {ergonomic}
     bool UseLargePagesIndividualAllocation        = false                                  {pd product} {ergonomic}

Logging:
Log output configuration:
 #0: stdout all=warning uptime,level,tags
 #1: stderr all=off uptime,level,tags

Environment Variables:
PATH=C:/Users/Student/AppData/Local/Programs/Git/mingw64/libexec/git-core;C:/Users/Student/AppData/Local/Programs/Git/mingw64/libexec/git-core;C:\Users\Student\AppData\Local\Programs\Git\mingw64\bin;C:\Users\Student\AppData\Local\Programs\Git\usr\bin;C:\Users\Student\bin;C:\Windows\system32;C:\Windows;C:\Windows\System32\Wbem;C:\Windows\System32\WindowsPowerShell\v1.0\;C:\Program Files\Intel\WiFi\bin\;C:\Program Files\Common Files\Intel\WirelessCommon\;C:\Program Files (x86)\Google\Chrome\Application;C:\Windows\system32;C:\Windows;C:\Windows\System32\Wbem;C:\Windows\System32\WindowsPowerShell\v1.0\;C:\Program Files\Intel\WiFi\bin\;C:\Program Files\Common Files\Intel\WirelessCommon\;C:\Users\Student\AppData\Local\Programs\Git\cmd
USERNAME=Student
DISPLAY=:0.0
OS=Windows_NT
PROCESSOR_IDENTIFIER=Intel64 Family 6 Model 69 Stepping 1, GenuineIntel



---------------  S Y S T E M  ---------------

OS: Windows 7 , 64 bit Build 7601 (6.1.7601.24408)

CPU:total 4 (initial active 4) (2 cores per cpu, 2 threads per core) family 6 model 69 stepping 1, cmov, cx8, fxsr, mmx, sse, sse2, sse3, ssse3, sse4.1, sse4.2, popcnt, avx, avx2, aes, clmul, erms, lzcnt, ht, tsc, tscinvbit, bmi1, bmi2, fma

Memory: 4k page, system-wide physical 4006M (763M free)
TotalPageFile size 16025M (AvailPageFile size 4M)
current process WorkingSet (physical memory assigned to process): 24M, peak: 24M
current process commit charge ("private bytes"): 131M, peak: 132M

vm_info: OpenJDK 64-Bit Server VM (11.0.2+9-b159.34) for windows-amd64 JRE (11.0.2+9-b159.34), built on Mar 26 2019 11:55:29 by "" with MS VC++ 14.0 (VS2015)

END.
